<?xml version="1.0" encoding="UTF-8"?>
<Site BuildName="(empty)"
	BuildStamp="20250712-1020-Experimental"
	Name="rpi-ubuntu"
	Generator="ctest-3.28.3"
	CompilerName="/usr/bin/aarch64-linux-gnu-g++"
	CompilerVersion="13.3.0"
	OSName="Linux"
	Hostname="rpi-ubuntu"
	OSRelease="6.8.0-1030-raspi"
	OSVersion="#34-Ubuntu SMP PREEMPT_DYNAMIC Mon Jun 23 05:50:33 UTC 2025"
	OSPlatform="aarch64"
	Is64Bits="1"
	VendorString=""
	VendorID="Unknown Manufacturer"
	FamilyID="8"
	ModelID="0"
	ProcessorCacheSize="0"
	NumberOfLogicalCPU="4"
	NumberOfPhysicalCPU="1"
	TotalVirtualMemory="1023"
	TotalPhysicalMemory="7936"
	LogicalProcessorsPerPhysical="4"
	ProcessorClockFrequency="0"
	>
	<Testing>
		<StartDateTime>Jul 12 15:50 IST</StartDateTime>
		<StartTestTime>1752315602</StartTestTime>
		<TestList/>
		<EndDateTime>Jul 12 15:50 IST</EndDateTime>
		<EndTestTime>1752315602</EndTestTime>
		<ElapsedMinutes>0</ElapsedMinutes>
	</Testing>
</Site>
